This is pdfTeX, Version 3.14159265-2.6-1.40.19 (TeX Live 2018) (preloaded format=pdflatex 2018.4.16)  1 APR 2020 09:45
entering extended mode
 restricted \write18 enabled.
 %&-line parsing enabled.
**paper.tex
(./paper.tex
LaTeX2e <2018-04-01> patch level 2
Babel <3.18> and hyphenation patterns for 84 language(s) loaded.
(/usr/local/texlive/2018/texmf-dist/tex/latex/base/article.cls
Document Class: article 2014/09/29 v1.4h Standard LaTeX document class
(/usr/local/texlive/2018/texmf-dist/tex/latex/base/size12.clo
File: size12.clo 2014/09/29 v1.4h Standard LaTeX file (size option)
)
\c@part=\count80
\c@section=\count81
\c@subsection=\count82
\c@subsubsection=\count83
\c@paragraph=\count84
\c@subparagraph=\count85
\c@figure=\count86
\c@table=\count87
\abovecaptionskip=\skip41
\belowcaptionskip=\skip42
\bibindent=\dimen102
) (./scicite.sty
LaTeX Info: Redefining \cite on input line 160.
LaTeX Info: Redefining \nocite on input line 227.
Package: scicite 2003/11/04  v 4.01
) (/usr/local/texlive/2018/texmf-dist/tex/latex/psnfss/times.sty
Package: times 2005/04/12 PSNFSS-v9.2a (SPQR) 
)
(/usr/local/texlive/2018/texmf-dist/tex/latex/amsmath/amsmath.sty
Package: amsmath 2017/09/02 v2.17a AMS math features
\@mathmargin=\skip43

For additional information on amsmath, use the `?' option.
(/usr/local/texlive/2018/texmf-dist/tex/latex/amsmath/amstext.sty
Package: amstext 2000/06/29 v2.01 AMS text

(/usr/local/texlive/2018/texmf-dist/tex/latex/amsmath/amsgen.sty
File: amsgen.sty 1999/11/30 v2.0 generic functions
\@emptytoks=\toks14
\ex@=\dimen103
))
(/usr/local/texlive/2018/texmf-dist/tex/latex/amsmath/amsbsy.sty
Package: amsbsy 1999/11/29 v1.2d Bold Symbols
\pmbraise@=\dimen104
)
(/usr/local/texlive/2018/texmf-dist/tex/latex/amsmath/amsopn.sty
Package: amsopn 2016/03/08 v2.02 operator names
)
\inf@bad=\count88
LaTeX Info: Redefining \frac on input line 213.
\uproot@=\count89
\leftroot@=\count90
LaTeX Info: Redefining \overline on input line 375.
\classnum@=\count91
\DOTSCASE@=\count92
LaTeX Info: Redefining \ldots on input line 472.
LaTeX Info: Redefining \dots on input line 475.
LaTeX Info: Redefining \cdots on input line 596.
\Mathstrutbox@=\box26
\strutbox@=\box27
\big@size=\dimen105
LaTeX Font Info:    Redeclaring font encoding OML on input line 712.
LaTeX Font Info:    Redeclaring font encoding OMS on input line 713.
\macc@depth=\count93
\c@MaxMatrixCols=\count94
\dotsspace@=\muskip10
\c@parentequation=\count95
\dspbrk@lvl=\count96
\tag@help=\toks15
\row@=\count97
\column@=\count98
\maxfields@=\count99
\andhelp@=\toks16
\eqnshift@=\dimen106
\alignsep@=\dimen107
\tagshift@=\dimen108
\tagwidth@=\dimen109
\totwidth@=\dimen110
\lineht@=\dimen111
\@envbody=\toks17
\multlinegap=\skip44
\multlinetaggap=\skip45
\mathdisplay@stack=\toks18
LaTeX Info: Redefining \[ on input line 2817.
LaTeX Info: Redefining \] on input line 2818.
)
(/usr/local/texlive/2018/texmf-dist/tex/latex/amsfonts/amssymb.sty
Package: amssymb 2013/01/14 v3.01 AMS font symbols

(/usr/local/texlive/2018/texmf-dist/tex/latex/amsfonts/amsfonts.sty
Package: amsfonts 2013/01/14 v3.01 Basic AMSFonts support
\symAMSa=\mathgroup4
\symAMSb=\mathgroup5
LaTeX Font Info:    Overwriting math alphabet `\mathfrak' in version `bold'
(Font)                  U/euf/m/n --> U/euf/b/n on input line 106.
))
(/usr/local/texlive/2018/texmf-dist/tex/latex/graphics/graphicx.sty
Package: graphicx 2017/06/01 v1.1a Enhanced LaTeX Graphics (DPC,SPQR)

(/usr/local/texlive/2018/texmf-dist/tex/latex/graphics/keyval.sty
Package: keyval 2014/10/28 v1.15 key=value parser (DPC)
\KV@toks@=\toks19
)
(/usr/local/texlive/2018/texmf-dist/tex/latex/graphics/graphics.sty
Package: graphics 2017/06/25 v1.2c Standard LaTeX Graphics (DPC,SPQR)

(/usr/local/texlive/2018/texmf-dist/tex/latex/graphics/trig.sty
Package: trig 2016/01/03 v1.10 sin cos tan (DPC)
)
(/usr/local/texlive/2018/texmf-dist/tex/latex/graphics-cfg/graphics.cfg
File: graphics.cfg 2016/06/04 v1.11 sample graphics configuration
)
Package graphics Info: Driver file: pdftex.def on input line 99.

(/usr/local/texlive/2018/texmf-dist/tex/latex/graphics-def/pdftex.def
File: pdftex.def 2018/01/08 v1.0l Graphics/color driver for pdftex
))
\Gin@req@height=\dimen112
\Gin@req@width=\dimen113
)
(/usr/local/texlive/2018/texmf-dist/tex/latex/subfig/subfig.sty
Package: subfig 2005/06/28 ver: 1.3 subfig package

(/usr/local/texlive/2018/texmf-dist/tex/latex/caption/caption.sty
Package: caption 2016/02/21 v3.3-144 Customizing captions (AR)

(/usr/local/texlive/2018/texmf-dist/tex/latex/caption/caption3.sty
Package: caption3 2016/05/22 v1.7-166 caption3 kernel (AR)
Package caption3 Info: TeX engine: e-TeX on input line 67.
\captionmargin=\dimen114
\captionmargin@=\dimen115
\captionwidth=\dimen116
\caption@tempdima=\dimen117
\caption@indent=\dimen118
\caption@parindent=\dimen119
\caption@hangindent=\dimen120
)
\c@ContinuedFloat=\count100
)
\c@KVtest=\count101
\sf@farskip=\skip46
\sf@captopadj=\dimen121
\sf@capskip=\skip47
\sf@nearskip=\skip48
\c@subfigure=\count102
\c@subfigure@save=\count103
\c@lofdepth=\count104
\c@subtable=\count105
\c@subtable@save=\count106
\c@lotdepth=\count107
\sf@top=\skip49
\sf@bottom=\skip50
)
(/usr/local/texlive/2018/texmf-dist/tex/latex/tools/indentfirst.sty
Package: indentfirst 1995/11/23 v1.03 Indent first paragraph (DPC)
)
\c@lastnote=\count108

(./paper.aux)
\openout1 = `paper.aux'.

LaTeX Font Info:    Checking defaults for OML/cmm/m/it on input line 103.
LaTeX Font Info:    ... okay on input line 103.
LaTeX Font Info:    Checking defaults for T1/cmr/m/n on input line 103.
LaTeX Font Info:    ... okay on input line 103.
LaTeX Font Info:    Checking defaults for OT1/cmr/m/n on input line 103.
LaTeX Font Info:    ... okay on input line 103.
LaTeX Font Info:    Checking defaults for OMS/cmsy/m/n on input line 103.
LaTeX Font Info:    ... okay on input line 103.
LaTeX Font Info:    Checking defaults for OMX/cmex/m/n on input line 103.
LaTeX Font Info:    ... okay on input line 103.
LaTeX Font Info:    Checking defaults for U/cmr/m/n on input line 103.
LaTeX Font Info:    ... okay on input line 103.
LaTeX Font Info:    Try loading font information for OT1+ptm on input line 103.

 (/usr/local/texlive/2018/texmf-dist/tex/latex/psnfss/ot1ptm.fd
File: ot1ptm.fd 2001/06/04 font definitions for OT1/ptm.
)
(/usr/local/texlive/2018/texmf-dist/tex/context/base/mkii/supp-pdf.mkii
[Loading MPS to PDF converter (version 2006.09.02).]
\scratchcounter=\count109
\scratchdimen=\dimen122
\scratchbox=\box28
\nofMPsegments=\count110
\nofMParguments=\count111
\everyMPshowfont=\toks20
\MPscratchCnt=\count112
\MPscratchDim=\dimen123
\MPnumerator=\count113
\makeMPintoPDFobject=\count114
\everyMPtoPDFconversion=\toks21
) (/usr/local/texlive/2018/texmf-dist/tex/latex/oberdiek/epstopdf-base.sty
Package: epstopdf-base 2016/05/15 v2.6 Base part for package epstopdf

(/usr/local/texlive/2018/texmf-dist/tex/generic/oberdiek/infwarerr.sty
Package: infwarerr 2016/05/16 v1.4 Providing info/warning/error messages (HO)
)
(/usr/local/texlive/2018/texmf-dist/tex/latex/oberdiek/grfext.sty
Package: grfext 2016/05/16 v1.2 Manage graphics extensions (HO)

(/usr/local/texlive/2018/texmf-dist/tex/generic/oberdiek/kvdefinekeys.sty
Package: kvdefinekeys 2016/05/16 v1.4 Define keys (HO)

(/usr/local/texlive/2018/texmf-dist/tex/generic/oberdiek/ltxcmds.sty
Package: ltxcmds 2016/05/16 v1.23 LaTeX kernel commands for general use (HO)
)))
(/usr/local/texlive/2018/texmf-dist/tex/latex/oberdiek/kvoptions.sty
Package: kvoptions 2016/05/16 v3.12 Key value format for package options (HO)

(/usr/local/texlive/2018/texmf-dist/tex/generic/oberdiek/kvsetkeys.sty
Package: kvsetkeys 2016/05/16 v1.17 Key value parser (HO)

(/usr/local/texlive/2018/texmf-dist/tex/generic/oberdiek/etexcmds.sty
Package: etexcmds 2016/05/16 v1.6 Avoid name clashes with e-TeX commands (HO)

(/usr/local/texlive/2018/texmf-dist/tex/generic/oberdiek/ifluatex.sty
Package: ifluatex 2016/05/16 v1.4 Provides the ifluatex switch (HO)
Package ifluatex Info: LuaTeX not detected.
)
Package etexcmds Info: Could not find \expanded.
(etexcmds)             That can mean that you are not using pdfTeX 1.50 or
(etexcmds)             that some package has redefined \expanded.
(etexcmds)             In the latter case, load this package earlier.
)))
(/usr/local/texlive/2018/texmf-dist/tex/generic/oberdiek/pdftexcmds.sty
Package: pdftexcmds 2018/01/30 v0.27 Utility functions of pdfTeX for LuaTeX (HO
)

(/usr/local/texlive/2018/texmf-dist/tex/generic/oberdiek/ifpdf.sty
Package: ifpdf 2017/03/15 v3.2 Provides the ifpdf switch
)
Package pdftexcmds Info: LuaTeX not detected.
Package pdftexcmds Info: \pdf@primitive is available.
Package pdftexcmds Info: \pdf@ifprimitive is available.
Package pdftexcmds Info: \pdfdraftmode found.
)
Package epstopdf-base Info: Redefining graphics rule for `.eps' on input line 4
38.
Package grfext Info: Graphics extension search list:
(grfext)             [.pdf,.png,.jpg,.mps,.jpeg,.jbig2,.jb2,.PDF,.PNG,.JPG,.JPE
G,.JBIG2,.JB2,.eps]
(grfext)             \AppendGraphicsExtensions on input line 456.

(/usr/local/texlive/2018/texmf-dist/tex/latex/latexconfig/epstopdf-sys.cfg
File: epstopdf-sys.cfg 2010/07/13 v1.3 Configuration of (r)epstopdf for TeX Liv
e
))
Package caption Info: Begin \AtBeginDocument code.
Package caption Info: subfig package v1.3 is loaded.
Package caption Info: End \AtBeginDocument code.
LaTeX Font Info:    Try loading font information for U+msa on input line 111.

(/usr/local/texlive/2018/texmf-dist/tex/latex/amsfonts/umsa.fd
File: umsa.fd 2013/01/14 v3.01 AMS symbols A
)
LaTeX Font Info:    Try loading font information for U+msb on input line 111.

(/usr/local/texlive/2018/texmf-dist/tex/latex/amsfonts/umsb.fd
File: umsb.fd 2013/01/14 v3.01 AMS symbols B
)
Overfull \hbox (35.03918pt too wide) in paragraph at lines 111--111
 [][] 
 []

LaTeX Font Info:    Font shape `OT1/ptm/bx/n' in size <12> not available
(Font)              Font shape `OT1/ptm/b/n' tried instead on input line 117.
LaTeX Font Info:    Font shape `OT1/ptm/bx/n' in size <17.28> not available
(Font)              Font shape `OT1/ptm/b/n' tried instead on input line 131.

Overfull \hbox (6.41382pt too wide) in paragraph at lines 133--134
\OT1/ptm/m/n/12 molec-u-lar dy-nam-ics (MD) sim-u-la-tions for biomacro-molecul
es of con-sid-er-able size on a timescale
 []

[1

{/usr/local/texlive/2018/texmf-var/fonts/map/pdftex/updmap/pdftex.map}]
[2] [3] [4]
<CLN025_chignolin_beads.png, id=28, 1927.2pt x 1084.05pt>
File: CLN025_chignolin_beads.png Graphic file (type png)
<use CLN025_chignolin_beads.png>
Package pdftex.def Info: CLN025_chignolin_beads.png  used on input line 195.
(pdftex.def)             Requested size: 113.81102pt x 125.1554pt.
<2JOF_trp-cage_beads.png, id=31, 1927.2pt x 1084.05pt>
File: 2JOF_trp-cage_beads.png Graphic file (type png)
<use 2JOF_trp-cage_beads.png>
Package pdftex.def Info: 2JOF_trp-cage_beads.png  used on input line 197.
(pdftex.def)             Requested size: 113.81102pt x 125.1554pt.
<1FME_BBA_beads.png, id=33, 1927.2pt x 1084.05pt>
File: 1FME_BBA_beads.png Graphic file (type png)
<use 1FME_BBA_beads.png>
Package pdftex.def Info: 1FME_BBA_beads.png  used on input line 199.
(pdftex.def)             Requested size: 113.81102pt x 125.1554pt.
<2F4K_villin_beads.png, id=35, 1927.2pt x 1084.05pt>
File: 2F4K_villin_beads.png Graphic file (type png)
<use 2F4K_villin_beads.png>
Package pdftex.def Info: 2F4K_villin_beads.png  used on input line 201.
(pdftex.def)             Requested size: 113.81102pt x 125.1554pt.

Overfull \hbox (12.0pt too wide) in paragraph at lines 195--201
 [][][][][] 
 []

<2WAV_BBL_beads.png, id=37, 1927.2pt x 1084.05pt>
File: 2WAV_BBL_beads.png Graphic file (type png)
<use 2WAV_BBL_beads.png>
Package pdftex.def Info: 2WAV_BBL_beads.png  used on input line 203.
(pdftex.def)             Requested size: 113.81102pt x 125.1554pt.
<PRB_protein_b_beads.png, id=39, 1927.2pt x 1084.05pt>
File: PRB_protein_b_beads.png Graphic file (type png)
<use PRB_protein_b_beads.png>
Package pdftex.def Info: PRB_protein_b_beads.png  used on input line 205.
(pdftex.def)             Requested size: 113.81102pt x 125.1554pt.
<UVF_homeodomain_beads.png, id=41, 1906.12125pt x 1072.005pt>
File: UVF_homeodomain_beads.png Graphic file (type png)
<use UVF_homeodomain_beads.png>
Package pdftex.def Info: UVF_homeodomain_beads.png  used on input line 207.
(pdftex.def)             Requested size: 113.81102pt x 116.31895pt.
<NuG2_protein_g_all_beads_new.png, id=43, 2560.56625pt x 1440.38126pt>
File: NuG2_protein_g_all_beads_new.png Graphic file (type png)
<use NuG2_protein_g_all_beads_new.png>
Package pdftex.def Info: NuG2_protein_g_all_beads_new.png  used on input line 2
09.
(pdftex.def)             Requested size: 113.81102pt x 94.05833pt.

Overfull \hbox (12.0pt too wide) in paragraph at lines 203--209
 [][][][][] 
 []

<A3D_alpha3D_beads.png, id=45, 1927.2pt x 1084.05pt>
File: A3D_alpha3D_beads.png Graphic file (type png)
<use A3D_alpha3D_beads.png>
Package pdftex.def Info: A3D_alpha3D_beads.png  used on input line 211.
(pdftex.def)             Requested size: 113.81102pt x 139.54108pt.
<lambda_repressor_beads.png, id=47, 1927.2pt x 1084.05pt>
File: lambda_repressor_beads.png Graphic file (type png)
<use lambda_repressor_beads.png>
Package pdftex.def Info: lambda_repressor_beads.png  used on input line 213.
(pdftex.def)             Requested size: 113.81102pt x 125.1554pt.
[5] [6 <./CLN025_chignolin_beads.png> <./2JOF_trp-cage_beads.png> <./1FME_BBA_b
eads.png> <./2F4K_villin_beads.png> <./2WAV_BBL_beads.png> <./PRB_protein_b_bea
ds.png> <./UVF_homeodomain_beads.png> <./NuG2_protein_g_all_beads_new.png> <./A
3D_alpha3D_beads.png> <./lambda_repressor_beads.png>]
<stat_size_color.pdf, id=69, 433.62pt x 289.08pt>
File: stat_size_color.pdf Graphic file (type pdf)
<use stat_size_color.pdf>
Package pdftex.def Info: stat_size_color.pdf  used on input line 223.
(pdftex.def)             Requested size: 455.24408pt x 303.51207pt.
 [7 <./stat_size_color.pdf>]
<UVF_contact_HMM_3_state_2_10TICA.png, id=123, 331.2375pt x 266.9975pt>
File: UVF_contact_HMM_3_state_2_10TICA.png Graphic file (type png)
<use UVF_contact_HMM_3_state_2_10TICA.png>
Package pdftex.def Info: UVF_contact_HMM_3_state_2_10TICA.png  used on input li
ne 234.
(pdftex.def)             Requested size: 150.23137pt x 121.09293pt.
<UVF_contact_HMM_3_state_0_10TICA.png, id=124, 331.2375pt x 266.9975pt>
File: UVF_contact_HMM_3_state_0_10TICA.png Graphic file (type png)
<use UVF_contact_HMM_3_state_0_10TICA.png>
Package pdftex.def Info: UVF_contact_HMM_3_state_0_10TICA.png  used on input li
ne 236.
(pdftex.def)             Requested size: 150.23137pt x 121.09293pt.
<UVF_contact_HMM_3_state_1_10TICA.png, id=125, 331.2375pt x 266.9975pt>
File: UVF_contact_HMM_3_state_1_10TICA.png Graphic file (type png)
<use UVF_contact_HMM_3_state_1_10TICA.png>
Package pdftex.def Info: UVF_contact_HMM_3_state_1_10TICA.png  used on input li
ne 238.
(pdftex.def)             Requested size: 150.23137pt x 121.09293pt.

Overfull \hbox (4.45003pt too wide) in paragraph at lines 234--239
 [][][][] 
 []

[8 <./UVF_contact_HMM_3_state_2_10TICA.png> <./UVF_contact_HMM_3_state_0_10TICA
.png> <./UVF_contact_HMM_3_state_1_10TICA.png>]
<A3D_contact_HMM_5_state_4_contacts.png, id=132, 331.2375pt x 266.9975pt>
File: A3D_contact_HMM_5_state_4_contacts.png Graphic file (type png)
<use A3D_contact_HMM_5_state_4_contacts.png>
Package pdftex.def Info: A3D_contact_HMM_5_state_4_contacts.png  used on input 
line 252.
(pdftex.def)             Requested size: 227.62204pt x 183.47476pt.
 [9 <./A3D_contact_HMM_5_state_4_contacts.png>]
<ACTR_all_beads.png, id=137, 5352.99875pt x 3011.25pt>
File: ACTR_all_beads.png Graphic file (type png)
<use ACTR_all_beads.png>
Package pdftex.def Info: ACTR_all_beads.png  used on input line 267.
(pdftex.def)             Requested size: 227.62204pt x 134.55301pt.
<MYC_all_beads.png, id=139, 5352.99875pt x 3011.25pt>
File: MYC_all_beads.png Graphic file (type png)
<use MYC_all_beads.png>
Package pdftex.def Info: MYC_all_beads.png  used on input line 269.
(pdftex.def)             Requested size: 227.62204pt x 134.55301pt.

Overfull \hbox (6.0pt too wide) in paragraph at lines 267--270
 [][][] 
 []

[10 <./ACTR_all_beads.png> <./MYC_all_beads.png>]
<IDP_N_units.pdf, id=148, 433.62pt x 289.08pt>
File: IDP_N_units.pdf Graphic file (type pdf)
<use IDP_N_units.pdf>
Package pdftex.def Info: IDP_N_units.pdf  used on input line 279.
(pdftex.def)             Requested size: 455.24408pt x 303.51207pt.
 [11 <./IDP_N_units.pdf>]
[12] [13] (./paper.bbl [14

]) [15] (./paper.aux) ) 
Here is how much of TeX's memory you used:
 3818 strings out of 492649
 57793 string characters out of 6129622
 123747 words of memory out of 5000000
 7616 multiletter control sequences out of 15000+600000
 25167 words of font info for 67 fonts, out of 8000000 for 9000
 1141 hyphenation exceptions out of 8191
 44i,9n,49p,1271b,395s stack positions out of 5000i,500n,10000p,200000b,80000s
{/usr/local/texlive/2018/texmf-dist/fonts/enc/dvips/base
/8r.enc}</usr/local/texlive/2018/texmf-dist/fonts/type1/public/amsfonts/cm/cmbx
12.pfb></usr/local/texlive/2018/texmf-dist/fonts/type1/public/amsfonts/cm/cmex1
0.pfb></usr/local/texlive/2018/texmf-dist/fonts/type1/public/amsfonts/cm/cmmi10
.pfb></usr/local/texlive/2018/texmf-dist/fonts/type1/public/amsfonts/cm/cmmi12.
pfb></usr/local/texlive/2018/texmf-dist/fonts/type1/public/amsfonts/cm/cmmi8.pf
b></usr/local/texlive/2018/texmf-dist/fonts/type1/public/amsfonts/cm/cmr10.pfb>
</usr/local/texlive/2018/texmf-dist/fonts/type1/public/amsfonts/cm/cmr12.pfb></
usr/local/texlive/2018/texmf-dist/fonts/type1/public/amsfonts/cm/cmr8.pfb></usr
/local/texlive/2018/texmf-dist/fonts/type1/public/amsfonts/cm/cmsy10.pfb></usr/
local/texlive/2018/texmf-dist/fonts/type1/public/amsfonts/cm/cmsy8.pfb></usr/lo
cal/texlive/2018/texmf-dist/fonts/type1/public/amsfonts/symbols/msbm10.pfb></us
r/local/texlive/2018/texmf-dist/fonts/type1/urw/times/utmb8a.pfb></usr/local/te
xlive/2018/texmf-dist/fonts/type1/urw/times/utmr8a.pfb></usr/local/texlive/2018
/texmf-dist/fonts/type1/urw/times/utmri8a.pfb>
Output written on paper.pdf (15 pages, 5918050 bytes).
PDF statistics:
 253 PDF objects out of 1000 (max. 8388607)
 103 compressed objects within 2 object streams
 0 named destinations out of 1000 (max. 500000)
 163 words of extra memory for PDF output out of 10000 (max. 10000000)

